2025-03-04 15:13:18: Server running on http://localhost:4789
2025-03-04 15:13:18: To access from other devices on your network, use your IP address: http://<your-ip-address>:4789
2025-03-04 15:13:26: [0mGET / [32m200[0m 1.829 ms - 21358[0m
2025-03-04 15:13:26: [0mGET /styles.css [32m200[0m 5.033 ms - 9916[0m
2025-03-04 15:13:26: [0mGET /assets/images/chem-is-try-logo.png [32m200[0m 4.663 ms - 42084[0m
2025-03-04 15:13:26: [0mGET /assets/images/stamp-original.png [32m200[0m 5.293 ms - 3175[0m
2025-03-04 15:13:26: [0mGET /script.js [32m200[0m 5.234 ms - 47077[0m
2025-03-04 15:13:26: [0mGET / [36m304[0m 1.978 ms - -[0m
2025-03-04 15:13:26: [0mGET /tests.js [32m200[0m 4.580 ms - 6868[0m
2025-03-04 15:13:27: [0mGET /assets/images/stamp-original.png [36m304[0m 1.721 ms - -[0m
2025-03-04 15:13:27: [0mGET /assets/images/stamp-cit.png [32m200[0m 3.912 ms - 20374[0m
2025-03-04 15:13:27: [0mGET /favicon.ico [33m404[0m 1.120 ms - 150[0m
2025-03-04 15:13:49: [0mGET /apple-touch-icon.png [33m404[0m 0.655 ms - 159[0m
2025-03-04 15:13:49: [0mGET /apple-touch-icon-precomposed.png [33m404[0m 1.575 ms - 171[0m
2025-03-04 15:13:49: [0mGET /favicon.ico [33m404[0m 1.505 ms - 150[0m
2025-03-04 15:13:49: [0mGET / [32m200[0m 1.574 ms - 21358[0m
2025-03-04 15:15:27: [0mGET / [32m200[0m 2.398 ms - 21358[0m
2025-03-04 15:15:27: [0mGET /styles.css [32m200[0m 1.963 ms - 9916[0m
2025-03-04 15:15:27: [0mGET /assets/images/chem-is-try-logo.png [32m200[0m 1.167 ms - 42084[0m
2025-03-04 15:15:27: [0mGET /assets/images/stamp-original.png [32m200[0m 2.015 ms - 3175[0m
2025-03-04 15:15:27: [0mGET /script.js [32m200[0m 1.555 ms - 47077[0m
2025-03-04 15:15:27: [0mGET / [36m304[0m 0.651 ms - -[0m
2025-03-04 15:15:27: [0mGET /tests.js [32m200[0m 2.273 ms - 6868[0m
2025-03-04 15:15:27: [0mGET /assets/images/stamp-cit.png [32m200[0m 1.632 ms - 20374[0m
2025-03-04 15:15:27: [0mGET /favicon.ico [33m404[0m 0.755 ms - 150[0m
2025-03-04 15:16:29: [0mGET /assets/images/chem-is-try-logo.png [36m304[0m 1.302 ms - -[0m
2025-03-04 15:16:29: [0mGET /assets/images/stamp-original.png [36m304[0m 1.660 ms - -[0m
2025-03-04 15:16:29: [0mGET /assets/images/stamp-cit.png [36m304[0m 0.780 ms - -[0m
2025-03-04 15:18:09: [0mGET /assets/images/stamp-original.png [36m304[0m 1.274 ms - -[0m
2025-03-04 15:18:09: [0mGET /assets/images/chem-is-try-logo.png [36m304[0m 1.601 ms - -[0m
2025-03-04 15:18:09: [0mGET /assets/images/stamp-cit.png [36m304[0m 0.807 ms - -[0m
2025-03-04 15:18:36: [0mGET /assets/images/chem-is-try-logo.png [36m304[0m 1.051 ms - -[0m
2025-03-04 15:18:36: [0mGET /assets/images/stamp-cit.png [36m304[0m 0.249 ms - -[0m
2025-03-04 15:18:36: [0mGET /assets/images/stamp-original.png [36m304[0m 0.150 ms - -[0m
2025-03-04 15:19:01: [0mGET /assets/images/chem-is-try-logo.png [36m304[0m 0.625 ms - -[0m
2025-03-04 15:19:01: [0mGET /assets/images/stamp-cit.png [36m304[0m 0.338 ms - -[0m
2025-03-04 15:19:01: [0mGET /assets/images/stamp-original.png [36m304[0m 0.504 ms - -[0m
2025-03-04 15:19:16: [0mGET /assets/images/chem-is-try-logo.png [36m304[0m 0.702 ms - -[0m
2025-03-04 15:19:16: [0mGET /assets/images/stamp-original.png [36m304[0m 0.623 ms - -[0m
2025-03-04 15:19:16: [0mGET /assets/images/stamp-cit.png [36m304[0m 0.163 ms - -[0m
2025-03-04 15:19:55: [0mGET /assets/images/chem-is-try-logo.png [36m304[0m 0.585 ms - -[0m
2025-03-04 15:19:55: [0mGET /assets/images/chem-is-try-logo.png [36m304[0m 0.487 ms - -[0m
2025-03-04 15:19:55: [0mGET /assets/images/stamp-original.png [36m304[0m 1.147 ms - -[0m
2025-03-04 15:19:55: [0mGET /assets/images/stamp-cit.png [36m304[0m 0.768 ms - -[0m
2025-03-04 15:20:31: [0mGET /assets/images/chem-is-try-logo.png [36m304[0m 0.762 ms - -[0m
2025-03-04 15:20:31: [0mGET /assets/images/stamp-original.png [36m304[0m 0.518 ms - -[0m
2025-03-04 15:20:31: [0mGET /assets/images/stamp-cit.png [36m304[0m 0.220 ms - -[0m
2025-03-04 15:20:46: [0mGET /assets/images/chem-is-try-logo.png [36m304[0m 0.743 ms - -[0m
2025-03-04 15:20:46: [0mGET /assets/images/stamp-original.png [36m304[0m 0.552 ms - -[0m
2025-03-04 15:20:46: [0mGET /assets/images/stamp-cit.png [36m304[0m 1.082 ms - -[0m
2025-03-04 15:29:32: [0mGET / [32m200[0m 1.062 ms - 21358[0m
2025-03-04 15:29:32: [0mGET /styles.css [32m200[0m 0.727 ms - 9916[0m
2025-03-04 15:29:32: [0mGET /assets/images/chem-is-try-logo.png [32m200[0m 1.604 ms - 42084[0m
2025-03-04 15:29:32: [0mGET /assets/images/stamp-original.png [32m200[0m 0.850 ms - 3175[0m
2025-03-04 15:29:32: [0mGET /script.js [32m200[0m 0.554 ms - 47077[0m
2025-03-04 15:29:32: [0mGET /tests.js [32m200[0m 0.519 ms - 6868[0m
2025-03-04 15:29:32: [0mGET / [36m304[0m 0.569 ms - -[0m
2025-03-04 15:29:32: [0mGET /assets/images/stamp-cit.png [32m200[0m 1.635 ms - 20374[0m
2025-03-04 15:29:32: [0mGET /favicon.ico [33m404[0m 0.885 ms - 150[0m
2025-03-04 15:31:06: [0mGET /assets/images/chem-is-try-logo.png [36m304[0m 0.975 ms - -[0m
2025-03-04 15:31:06: [0mGET /assets/images/stamp-original.png [36m304[0m 1.666 ms - -[0m
2025-03-04 15:31:06: [0mGET /assets/images/stamp-cit.png [36m304[0m 0.793 ms - -[0m
2025-03-04 15:44:04: [0mGET /apple-touch-icon-precomposed.png [33m404[0m 0.383 ms - 171[0m
2025-03-04 15:44:04: [0mGET /favicon.ico [33m404[0m 0.550 ms - 150[0m
2025-03-04 15:44:04: [0mGET /apple-touch-icon.png [33m404[0m 0.251 ms - 159[0m
2025-03-04 15:44:04: [0mGET / [32m200[0m 1.582 ms - 21358[0m
